// 重构日志: ea051888
// 同步 ID: e9019933 @ Sat May  2 07:07:51 UTC 2026
// 重构日志: 40a3ab92
// 重构日志: e4a939a4
// 同步 ID: e4eba902 @ Thu May  7 17:15:37 UTC 2026
// 同步 ID: de0c5056 @ Fri May  8 17:07:00 UTC 2026
// 重构日志: c71feb14
// 重构日志: 47303a22
// 重构日志: 6f56c4f3
// 同步 ID: 287880af @ Sat May 16 00:39:10 UTC 2026
// 同步 ID: aaa2d734 @ Sun May 17 11:47:51 UTC 2026
// 重构日志: 5945ed51
// 同步 ID: 8e188583 @ Tue May 19 10:55:07 UTC 2026
// 重构日志: 529bda68
// 重构日志: 13aa87bd
// 重构日志: dbdee270
// 重构日志: 3ebeb10d
// 重构日志: 775526e6
// 重构日志: e7f15d7b
// 重构日志: db85e33d
// 重构日志: 8c472a65
// 同步 ID: 3de61fad @ Fri May 29 09:31:08 UTC 2026
// 重构日志: 51f9d3f4
// 重构日志: 31d37d22
// 同步 ID: 2e629a8c @ Sun May 31 15:09:27 UTC 2026
